<?xml version="1.0" encoding="UTF-8"?>
<testng-results skipped="0" failed="0" ignored="0" total="1" passed="1">
  <reporter-output>
  </reporter-output>
  <suite name="Default suite" duration-ms="151545" started-at="2020-02-11T11:36:33 IST" finished-at="2020-02-11T11:39:04 IST">
    <groups>
    </groups>
    <test name="Default test" duration-ms="151545" started-at="2020-02-11T11:36:33 IST" finished-at="2020-02-11T11:39:04 IST">
      <class name="test_flex.Frag_Flex_mp4_Time_4p">
        <test-method status="PASS" signature="start()[pri:0, instance:test_flex.Frag_Flex_mp4_Time_4p@5b87ed94]" name="start" duration-ms="151509" started-at="2020-02-11T11:36:33 IST" finished-at="2020-02-11T11:39:04 IST">
          <reporter-output>
          </reporter-output>
        </test-method> <!-- start -->
      </class> <!-- test_flex.Frag_Flex_mp4_Time_4p -->
    </test> <!-- Default test -->
  </suite> <!-- Default suite -->
</testng-results>
